type=CRED_DISP msg=audit(1574529421.621:28752): pid=18586 uid=0 auid=0 ses=23 msg='op=PAM:setcred acct="root" exe="/usr/sbin/cron" hostname=? addr=? terminal=cron res=success'
type=USER_END msg=audit(1574529421.621:28753): pid=18586 uid=0 auid=0 ses=23 msg='op=PAM:session_close acct="root" exe="/usr/sbin/cron" hostname=? addr=? terminal=cron res=success'
type=USER_AUTH msg=audit(1574529565.701:28754): pid=18648 uid=0 auid=1000 ses=2 msg='op=PAM:authentication acct="deven" exe="/usr/lib/gdm3/gdm-session-worker" hostname=deven-PC addr=? terminal=/dev/tty2 res=success'
type=USER_ACCT msg=audit(1574529565.705:28755): pid=18648 uid=0 auid=1000 ses=2 msg='op=PAM:accounting acct="deven" exe="/usr/lib/gdm3/gdm-session-worker" hostname=deven-PC addr=? terminal=/dev/tty2 res=success'
type=CRED_REFR msg=audit(1574529565.705:28756): pid=18648 uid=0 auid=1000 ses=2 msg='op=PAM:setcred acct="deven" exe="/usr/lib/gdm3/gdm-session-worker" hostname=deven-PC addr=? terminal=/dev/tty2 res=success'
type=SERVICE_START msg=audit(1574530974.805:28757): pid=1 uid=0 auid=4294967295 ses=4294967295 msg='unit=systemd-hostnamed comm="systemd" exe="/lib/systemd/systemd" hostname=? addr=? terminal=? res=success'
type=SERVICE_STOP msg=audit(1574531010.193:28758): pid=1 uid=0 auid=4294967295 ses=4294967295 msg='unit=systemd-hostnamed comm="systemd" exe="/lib/systemd/systemd" hostname=? addr=? terminal=? res=success'
type=USER_AUTH msg=audit(1574531781.077:28759): pid=21516 uid=1000 auid=1000 ses=2 msg='op=PAM:authentication acct="deven" exe="/usr/lib/policykit-1/polkit-agent-helper-1" hostname=? addr=? terminal=? res=success'
type=USER_ACCT msg=audit(1574531781.077:28760): pid=21516 uid=1000 auid=1000 ses=2 msg='op=PAM:accounting acct="deven" exe="/usr/lib/policykit-1/polkit-agent-helper-1" hostname=? addr=? terminal=? res=success'
type=DAEMON_END msg=audit(1574531782.323:1559): op=terminate auid=0 pid=1 subj= res=success
type=USER_AUTH msg=audit(1574531781.077:28759): pid=21516 uid=1000 auid=1000 ses=2 msg='op=PAM:authentication acct="deven" exe="/usr/lib/policykit-1/polkit-agent-helper-1" hostname=? addr=? terminal=? res=success'
type=USER_ACCT msg=audit(1574531781.077:28760): pid=21516 uid=1000 auid=1000 ses=2 msg='op=PAM:accounting acct="deven" exe="/usr/lib/policykit-1/polkit-agent-helper-1" hostname=? addr=? terminal=? res=success'
type=DAEMON_END msg=audit(1574531782.323:1559): op=terminate auid=0 pid=1 subj= res=success
type=USER_AUTH msg=audit(1574531781.077:28759): pid=21516 uid=1000 auid=1000 ses=2 msg='op=PAM:authentication acct="deven" exe="/usr/lib/policykit-1/polkit-agent-helper-1" hostname=? addr=? terminal=? res=success'
type=USER_ACCT msg=audit(1574531781.077:28760): pid=21516 uid=1000 auid=1000 ses=2 msg='op=PAM:accounting acct="deven" exe="/usr/lib/policykit-1/polkit-agent-helper-1" hostname=? addr=? terminal=? res=success'
type=DAEMON_END msg=audit(1574531782.323:1559): op=terminate auid=0 pid=1 subj= res=successtype=USER_AUTH msg=audit(1574531781.077:28759): pid=21516 uid=1000 auid=1000 ses=2 msg='op=PAM:authentication acct="deven" exe="/usr/lib/policykit-1/polkit-agent-helper-1" hostname=? addr=? terminal=? res=success'
type=USER_ACCT msg=audit(1574531781.077:28760): pid=21516 uid=1000 auid=1000 ses=2 msg='op=PAM:accounting acct="deven" exe="/usr/lib/policykit-1/polkit-agent-helper-1" hostname=? addr=? terminal=? res=success'
type=DAEMON_END msg=audit(1574531782.323:1559): op=terminate auid=0 pid=1 subj= res=success
type=USER_ACCT msg=audit(1574531781.077:28760): pid=21516 uid=1000 auid=1000 ses=2 msg='op=PAM:accounting acct="deven" exe="/usr/lib/policykit-1/polkit-agent-helper-1" hostname=? addr=? terminal=? res=success'
type=DAEMON_END msg=audit(1574531782.323:1559): op=terminate auid=0 pid=1 subj= res=successtype=USER_AUTH msg=audit(1574531781.077:28759): pid=21516 uid=1000 auid=1000 ses=2 msg='op=PAM:authentication acct="deven" exe="/usr/lib/policykit-1/polkit-agent-helper-1" hostname=? addr=? terminal=? res=success'
type=USER_ACCT msg=audit(1574531781.077:28760): pid=21516 uid=1000 auid=1000 ses=2 msg='op=PAM:accounting acct="deven" exe="/usr/lib/policykit-1/polkit-agent-helper-1" hostname=? addr=? terminal=? res=success'
type=DAEMON_END msg=audit(1574531782.323:1559): op=terminate auid=0 pid=1 subj= res=successtype=USER_ACCT msg=audit(1574531781.077:28760): pid=21516 uid=1000 auid=1000 ses=2 msg='op=PAM:accounting acct="deven" exe="/usr/lib/policykit-1/polkit-agent-helper-1" hostname=? addr=? terminal=? res=success'
type=DAEMON_END msg=audit(1574531782.323:1559): op=terminate auid=0 pid=1 subj= res=successtype=USER_AUTH msg=audit(1574531781.077:28759): pid=21516 uid=1000 auid=1000 ses=2 msg='op=PAM:authentication acct="deven" exe="/usr/lib/policykit-1/polkit-agent-helper-1" hostname=? addr=? terminal=? res=success'
type=USER_ACCT msg=audit(1574531781.077:28760): pid=21516 uid=1000 auid=1000 ses=2 msg='op=PAM:accounting acct="deven" exe="/usr/lib/policykit-1/polkit-agent-helper-1" hostname=? addr=? terminal=? res=success'
type=DAEMON_END msg=audit(1574531782.323:1559): op=terminate auid=0 pid=1 subj= res=successtype=USER_ACCT msg=audit(1574531781.077:28760): pid=21516 uid=1000 auid=1000 ses=2 msg='op=PAM:accounting acct="deven" exe="/usr/lib/policykit-1/polkit-agent-helper-1" hostname=? addr=? terminal=? res=success'
type=DAEMON_END msg=audit(1574531782.323:1559): op=terminate auid=0 pid=1 subj= res=successtype=USER_AUTH msg=audit(1574531781.077:28759): pid=21516 uid=1000 auid=1000 ses=2 msg='op=PAM:authentication acct="deven" exe="/usr/lib/policykit-1/polkit-agent-helper-1" hostname=? addr=? terminal=? res=success'
type=USER_ACCT msg=audit(1574531781.077:28760): pid=21516 uid=1000 auid=1000 ses=2 msg='op=PAM:accounting acct="deven" exe="/usr/lib/policykit-1/polkit-agent-helper-1" hostname=? addr=? terminal=? res=success'
type=DAEMON_END msg=audit(1574531782.323:1559): op=terminate auid=0 pid=1 subj= res=successtype=USER_ACCT msg=audit(1574531781.077:28760): pid=21516 uid=1000 auid=1000 ses=2 msg='op=PAM:accounting acct="deven" exe="/usr/lib/policykit-1/polkit-agent-helper-1" hostname=? addr=? terminal=? res=success'
type=DAEMON_END msg=audit(1574531782.323:1559): op=terminate auid=0 pid=1 subj= res=successtype=USER_AUTH msg=audit(1574531781.077:28759): pid=21516 uid=1000 auid=1000 ses=2 msg='op=PAM:authentication acct="deven" exe="/usr/lib/policykit-1/polkit-agent-helper-1" hostname=? addr=? terminal=? res=success'
type=USER_ACCT msg=audit(1574531781.077:28760): pid=21516 uid=1000 auid=1000 ses=2 msg='op=PAM:accounting acct="deven" exe="/usr/lib/policykit-1/polkit-agent-helper-1" hostname=? addr=? terminal=? res=success'
type=DAEMON_END msg=audit(1574531782.323:1559): op=terminate auid=0 pid=1 subj= res=success
res=success'
type=DAEMON_END msg=audit(1574531782.323:1559): op=terminate auid=0 pid=1 subj= res=successtype=USER_AUTH msg=audit(1574531781.077:28759): pid=21516 uid=1000 auid=1000 ses=2 msg='op=PAM:authentication acct="deven" exe="/usr/lib/policykit-1/polkit-agent-helper-1" hostname=? addr=? terminal=? res=success'
type=USER_ACCT msg=audit(1574531781.077:28760): pid=21516 uid=1000 auid=1000 ses=2 msg='op=PAM:accounting acct="deven" exe="/usr/lib/policykit-1/polkit-agent-helper-1" hostname=? addr=? terminal=? res=success'
type=DAEMON_END msg=audit(1574531782.323:1559): op=terminate auid=0 pid=1 subj= res=success
type=USER_ACCT msg=audit(1574531781.077:28760): pid=21516 uid=1000 auid=1000 ses=2 msg='op=PAM:accounting acct="deven" exe="/usr/lib/policykit-1/polkit-agent-helper-1" hostname=? addr=? terminal=? res=success'
type=DAEMON_END msg=audit(1574531782.323:1559): op=terminate auid=0 pid=1 subj= res=successtype=USER_AUTH msg=audit(1574531781.077:28759): pid=21516 uid=1000 auid=1000 ses=2 msg='op=PAM:authentication acct="deven" exe="/usr/lib/policykit-1/polkit-agent-helper-1" hostname=? addr=? terminal=? res=success'
type=USER_ACCT msg=audit(1574531781.077:28760): pid=21516 uid=1000 auid=1000 ses=2 msg='op=PAM:accounting acct="deven" exe="/usr/lib/policykit-1/polkit-agent-helper-1" hostname=? addr=? terminal=? res=success'
type=DAEMON_END msg=audit(1574531782.323:1559): op=terminate auid=0 pid=1 subj= res=successtype=USER_ACCT msg=audit(1574531781.077:28760): pid=21516 uid=1000 auid=1000 ses=2 msg='op=PAM:accounting acct="deven" exe="/usr/lib/policykit-1/polkit-agent-helper-1" hostname=? addr=? terminal=? res=success'
type=DAEMON_END msg=audit(1574531782.323:1559): op=terminate auid=0 pid=1 subj= res=successtype=USER_AUTH msg=audit(1574531781.077:28759): pid=21516 uid=1000 auid=1000 ses=2 msg='op=PAM:authentication acct="deven" exe="/usr/lib/policykit-1/polkit-agent-helper-1" hostname=? addr=? terminal=? res=success'
type=USER_ACCT msg=audit(1574531781.077:28760): pid=21516 uid=1000 auid=1000 ses=2 msg='op=PAM:accounting acct="deven" exe="/usr/lib/policykit-1/polkit-agent-helper-1" hostname=? addr=? terminal=? res=success'
type=DAEMON_END msg=audit(1574531782.323:1559): op=terminate auid=0 pid=1 subj= res=successtype=USER_ACCT msg=audit(1574531781.077:28760): pid=21516 uid=1000 auid=1000 ses=2 msg='op=PAM:accounting acct="deven" exe="/usr/lib/policykit-1/polkit-agent-helper-1" hostname=? addr=? terminal=? res=success'
type=DAEMON_END msg=audit(1574531782.323:1559): op=terminate auid=0 pid=1 subj= res=successtype=USER_AUTH msg=audit(1574531781.077:28759): pid=21516 uid=1000 auid=1000 ses=2 msg='op=PAM:authentication acct="deven" exe="/usr/lib/policykit-1/polkit-agent-helper-1" hostname=? addr=? terminal=? res=success'
type=USER_ACCT msg=audit(1574531781.077:28760): pid=21516 uid=1000 auid=1000 ses=2 msg='op=PAM:accounting acct="deven" exe="/usr/lib/policykit-1/polkit-agent-helper-1" hostname=? addr=? terminal=? res=success'
type=DAEMON_END msg=audit(1574531782.323:1559): op=terminate auid=0 pid=1 subj= res=successtype=USER_ACCT msg=audit(1574531781.077:28760): pid=21516 uid=1000 auid=1000 ses=2 msg='op=PAM:accounting acct="deven" exe="/usr/lib/policykit-1/polkit-agent-helper-1" hostname=? addr=? terminal=? res=success'
type=DAEMON_END msg=audit(1574531782.323:1559): op=terminate auid=0 pid=1 subj= res=successtype=USER_AUTH msg=audit(1574531781.077:28759): pid=21516 uid=1000 auid=1000 ses=2 msg='op=PAM:authentication acct="deven" exe="/usr/lib/policykit-1/polkit-agent-helper-1" hostname=? addr=? terminal=? res=success'
type=USER_ACCT msg=audit(1574531781.077:28760): pid=21516 uid=1000 auid=1000 ses=2 msg='op=PAM:accounting acct="deven" exe="/usr/lib/policykit-1/polkit-agent-helper-1" hostname=? addr=? terminal=? res=success'
